2026-01-18T11:35:46.0209099Z READLINE_STR_LEN=1 CODES=0031 
2026-01-18T11:35:47.3182261Z READLINE_STR_LEN=1 CODES=0031 
2026-01-18T11:35:52.1287403Z READLINE_STR_LEN=1 CODES=0031 
2026-01-18T11:35:53.1533970Z READLINE_STR_LEN=1 CODES=0031 
2026-01-18T11:35:55.6510574Z READLINE_STR_LEN=5 CODES=0000 0000 0000 0000 0000 
2026-01-18T11:35:57.0404198Z READLINE_STR_LEN=3 CODES=0000 0000 0000 
2026-01-18T11:35:59.4572826Z READLINE_STR_LEN=5 CODES=0032 0039 0034 0033 0034 
2026-01-18T11:36:03.5713635Z READLINE_STR_LEN=1 CODES=0032 
2026-01-18T11:38:00.1773913Z READLINE_STR_LEN=80 CODES=006F 0074 006E 0065 0074 0020 0062 0075 0069 006C 0064 0020 0022 0063 003A 005C 0055 0073 0065 0072 0073 005C 004D 0069 005C 0044 0065 0073 006B 0074 006F 0070 005C 0000 0000 0000 0000 0000 0000 0000 0000 0020 0000 0000 0000 0000 0000 0000 0020 0000 0000 0000 0000 0000 005C 0048 0052 0053 0079 0073 0074 0065 006D 005C 0048 0052 0053 0079 0073 0074 0065 006D 002E 0063 0073 0070 0072 006F 006A 0022 
2026-01-18T11:38:45.8994497Z READLINE_STR_LEN=1 CODES=0031 
2026-01-18T11:38:47.1334129Z READLINE_STR_LEN=1 CODES=0031 
2026-01-18T11:38:48.9428113Z READLINE_STR_LEN=1 CODES=0031 
2026-01-18T11:38:49.4939039Z READLINE_STR_LEN=1 CODES=0031 
2026-01-18T11:38:51.5074770Z READLINE_STR_LEN=7 CODES=0000 0000 0000 0000 0000 0000 0000 
2026-01-18T11:38:57.2235434Z READLINE_STR_LEN=5 CODES=0000 0000 0000 0000 0000 
2026-01-18T11:38:59.3952307Z 00-00-00-00-00
2026-01-18T11:39:02.3717934Z READLINE_STR_LEN=1 CODES=0032 
2026-01-18T11:41:02.4571312Z READLINE_STR_LEN=1 CODES=0031 
2026-01-18T11:41:03.3453250Z READLINE_STR_LEN=1 CODES=0031 
2026-01-18T11:41:04.9578213Z READLINE_STR_LEN=1 CODES=0031 
2026-01-18T11:41:05.4166633Z READLINE_STR_LEN=1 CODES=0031 
2026-01-18T11:41:07.3715059Z READLINE_STR_LEN=7 CODES=0000 0000 0000 0000 0000 0000 0000 
2026-01-18T11:41:11.3599940Z READLINE_STR_LEN=6 CODES=0000 0000 0000 0000 0000 0000 
2026-01-18T11:41:12.9906587Z READLINE_STR_LEN=3 CODES=0000 0000 0000 
2026-01-18T11:41:15.6349422Z READLINE_STR_LEN=0 CODES=
2026-01-18T11:41:18.4418057Z READLINE_STR_LEN=5 CODES=0032 0032 0032 0032 0032 
2026-01-18T11:44:20.4896901Z READLINE_STR_LEN=80 CODES=006F 0074 006E 0065 0074 0020 0062 0075 0069 006C 0064 0020 0022 0063 003A 005C 0055 0073 0065 0072 0073 005C 004D 0069 005C 0044 0065 0073 006B 0074 006F 0070 005C 0000 0000 0000 0000 0000 0000 0000 0000 0020 0000 0000 0000 0000 0000 0000 0020 0000 0000 0000 0000 0000 005C 0048 0052 0053 0079 0073 0074 0065 006D 005C 0048 0052 0053 0079 0073 0074 0065 006D 002E 0063 0073 0070 0072 006F 006A 0022 
2026-01-18T11:44:50.0045163Z READLINE_STR_LEN=1 CODES=0031 
2026-01-18T11:44:50.8556658Z READLINE_STR_LEN=1 CODES=0031 
2026-01-18T11:44:52.1082976Z READLINE_STR_LEN=1 CODES=0031 
2026-01-18T11:44:52.6684969Z READLINE_STR_LEN=1 CODES=0031 
2026-01-18T11:44:54.5755160Z READLINE_STR_LEN=4 CODES=0430 0430 0430 0430 
2026-01-18T11:44:55.5812999Z READLINE_STR_LEN=5 CODES=0430 0430 0430 0430 0430 
2026-01-18T11:44:56.6323868Z READLINE_STR_LEN=1 CODES=0032 
2026-01-18T11:45:05.4134447Z READLINE_STR_LEN=1 CODES=0038 
2026-01-18T11:45:11.8889847Z READLINE_STR_LEN=1 CODES=0035 
2026-01-18T11:45:13.1547052Z READLINE_STR_LEN=1 CODES=0031 
2026-01-18T11:45:15.7505774Z READLINE_STR_LEN=1 CODES=0031 
2026-01-18T11:45:17.2375237Z READLINE_STR_LEN=1 CODES=0032 
2026-01-18T11:45:41.1480192Z READLINE_STR_LEN=1 CODES=0037 
2026-01-18T11:45:42.6891875Z READLINE_STR_LEN=3 CODES=0030 0030 0033 
2026-01-18T11:45:45.0644209Z READLINE_STR_LEN=1 CODES=0079 
2026-01-18T11:45:48.3620411Z READLINE_STR_LEN=1 CODES=0037 
2026-01-18T11:45:50.3463648Z READLINE_STR_LEN=3 CODES=0030 0030 0034 
2026-01-18T11:45:51.9407078Z READLINE_STR_LEN=1 CODES=0079 
2026-01-18T11:45:54.3491433Z READLINE_STR_LEN=1 CODES=0037 
2026-01-18T11:45:55.4245494Z READLINE_STR_LEN=1 CODES=0035 
2026-01-18T11:45:57.4690198Z READLINE_STR_LEN=1 CODES=0079 
2026-01-18T11:46:01.2989688Z READLINE_STR_LEN=1 CODES=0032 
2026-01-18T14:40:51.2851651Z READLINE_STR_LEN=1 CODES=0031 
2026-01-18T14:40:52.4332440Z READLINE_STR_LEN=1 CODES=0031 
2026-01-18T14:40:56.3726599Z READLINE_STR_LEN=1 CODES=0030 
2026-01-18T14:40:57.2371750Z READLINE_STR_LEN=0 CODES=
2026-01-18T14:40:57.9919251Z READLINE_STR_LEN=0 CODES=
2026-01-18T17:18:31.5593087Z READLINE_STR_LEN=1 CODES=0031 
2026-01-18T17:18:34.6019634Z READLINE_STR_LEN=1 CODES=0032 
2026-01-18T17:18:41.1576805Z READLINE_STR_LEN=1 CODES=0034 
2026-01-18T17:18:44.4362637Z READLINE_STR_LEN=1 CODES=0031 
2026-01-18T17:18:49.0433764Z READLINE_STR_LEN=1 CODES=0034 
2026-01-18T17:18:54.4691975Z READLINE_STR_LEN=0 CODES=
2026-01-18T17:18:55.8002144Z READLINE_STR_LEN=0 CODES=
